
*** Running vivado
    with args -log send_tx_btn.vdi -applog -m64 -product Vivado -messageDb vivado.pb -mode batch -source send_tx_btn.tcl -notrace



****** Vivado v2020.2 (64-bit)
  **** SW Build 3064766 on Wed Nov 18 09:12:45 MST 2020
  **** IP Build 3064653 on Wed Nov 18 14:17:31 MST 2020
    ** Copyright 1986-2020 Xilinx, Inc. All Rights Reserved.

source send_tx_btn.tcl -notrace
Command: link_design -top send_tx_btn -part xc7a35tcpg236-1
Design is defaulting to srcset: sources_1
Design is defaulting to constrset: constrs_1
INFO: [Device 21-403] Loading part xc7a35tcpg236-1
Netlist sorting complete. Time (s): cpu = 00:00:00 ; elapsed = 00:00:00.002 . Memory (MB): peak = 1105.031 ; gain = 0.000
INFO: [Netlist 29-17] Analyzing 4 Unisim elements for replacement
INFO: [Netlist 29-28] Unisim Transformation completed in 0 CPU seconds
INFO: [Project 1-479] Netlist was created with Vivado 2020.2
INFO: [Project 1-570] Preparing netlist for logic optimization
Parsing XDC File [D:/XDC/Basys-3-Master.xdc]
Finished Parsing XDC File [D:/XDC/Basys-3-Master.xdc]
INFO: [Opt 31-138] Pushed 0 inverter(s) to 0 load pin(s).
Netlist sorting complete. Time (s): cpu = 00:00:00 ; elapsed = 00:00:00 . Memory (MB): peak = 1105.031 ; gain = 0.000
INFO: [Project 1-111] Unisim Transformation Summary:
No Unisim elements were transformed.

7 Infos, 0 Warnings, 0 Critical Warnings and 0 Errors encountered.
link_design completed successfully
link_design: Time (s): cpu = 00:00:01 ; elapsed = 00:00:05 . Memory (MB): peak = 1105.031 ; gain = 0.000
Command: opt_design
Attempting to get a license for feature 'Implementation' and/or device 'xc7a35t'
INFO: [Common 17-349] Got license for feature 'Implementation' and/or device 'xc7a35t'
Running DRC as a precondition to command opt_design

Starting DRC Task
INFO: [DRC 23-27] Running DRC with 2 threads
INFO: [Project 1-461] DRC finished with 0 Errors
INFO: [Project 1-462] Please refer to the DRC report (report_drc) for more information.

Time (s): cpu = 00:00:00 ; elapsed = 00:00:00.691 . Memory (MB): peak = 1105.031 ; gain = 0.000

Starting Cache Timing Information Task
INFO: [Timing 38-35] Done setting XDC timing constraints.
Ending Cache Timing Information Task | Checksum: 1e73402cc

Time (s): cpu = 00:00:02 ; elapsed = 00:00:05 . Memory (MB): peak = 1451.684 ; gain = 346.652

Starting Logic Optimization Task

Phase 1 Retarget
INFO: [Opt 31-138] Pushed 0 inverter(s) to 0 load pin(s).
INFO: [Opt 31-49] Retargeted 0 cell(s).
Phase 1 Retarget | Checksum: 1e73402cc

Time (s): cpu = 00:00:00 ; elapsed = 00:00:00.008 . Memory (MB): peak = 1661.812 ; gain = 0.000
INFO: [Opt 31-389] Phase Retarget created 0 cells and removed 0 cells

Phase 2 Constant propagation
INFO: [Opt 31-138] Pushed 0 inverter(s) to 0 load pin(s).
Phase 2 Constant propagation | Checksum: 1e73402cc

Time (s): cpu = 00:00:00 ; elapsed = 00:00:00.009 . Memory (MB): peak = 1661.812 ; gain = 0.000
INFO: [Opt 31-389] Phase Constant propagation created 0 cells and removed 0 cells

Phase 3 Sweep
Phase 3 Sweep | Checksum: 17217f75d

Time (s): cpu = 00:00:00 ; elapsed = 00:00:00.011 . Memory (MB): peak = 1661.812 ; gain = 0.000
INFO: [Opt 31-389] Phase Sweep created 0 cells and removed 0 cells

Phase 4 BUFG optimization
Phase 4 BUFG optimization | Checksum: 17217f75d

Time (s): cpu = 00:00:00 ; elapsed = 00:00:00.013 . Memory (MB): peak = 1661.812 ; gain = 0.000
INFO: [Opt 31-662] Phase BUFG optimization created 0 cells of which 0 are BUFGs and removed 0 cells.

Phase 5 Shift Register Optimization
INFO: [Opt 31-1064] SRL Remap converted 0 SRLs to 0 registers and converted 0 registers of register chains to 0 SRLs
Phase 5 Shift Register Optimization | Checksum: 17217f75d

Time (s): cpu = 00:00:00 ; elapsed = 00:00:00.014 . Memory (MB): peak = 1661.812 ; gain = 0.000
INFO: [Opt 31-389] Phase Shift Register Optimization created 0 cells and removed 0 cells

Phase 6 Post Processing Netlist
Phase 6 Post Processing Netlist | Checksum: 17217f75d

Time (s): cpu = 00:00:00 ; elapsed = 00:00:00.014 . Memory (MB): peak = 1661.812 ; gain = 0.000
INFO: [Opt 31-389] Phase Post Processing Netlist created 0 cells and removed 0 cells
Opt_design Change Summary
=========================


-------------------------------------------------------------------------------------------------------------------------
|  Phase                        |  #Cells created  |  #Cells Removed  |  #Constrained objects preventing optimizations  |
-------------------------------------------------------------------------------------------------------------------------
|  Retarget                     |               0  |               0  |                                              0  |
|  Constant propagation         |               0  |               0  |                                              0  |
|  Sweep                        |               0  |               0  |                                              0  |
|  BUFG optimization            |               0  |               0  |                                              0  |
|  Shift Register Optimization  |               0  |               0  |                                              0  |
|  Post Processing Netlist      |               0  |               0  |                                              0  |
-------------------------------------------------------------------------------------------------------------------------



Starting Connectivity Check Task

Time (s): cpu = 00:00:00 ; elapsed = 00:00:00 . Memory (MB): peak = 1661.812 ; gain = 0.000
Ending Logic Optimization Task | Checksum: 181ef5510

Time (s): cpu = 00:00:00 ; elapsed = 00:00:00.016 . Memory (MB): peak = 1661.812 ; gain = 0.000

Starting Power Optimization Task
INFO: [Pwropt 34-132] Skipping clock gating for clocks with a period < 2.00 ns.
Ending Power Optimization Task | Checksum: 181ef5510

Time (s): cpu = 00:00:00 ; elapsed = 00:00:00.005 . Memory (MB): peak = 1661.812 ; gain = 0.000

Starting Final Cleanup Task
Ending Final Cleanup Task | Checksum: 181ef5510

Time (s): cpu = 00:00:00 ; elapsed = 00:00:00 . Memory (MB): peak = 1661.812 ; gain = 0.000

Starting Netlist Obfuscation Task
Netlist sorting complete. Time (s): cpu = 00:00:00 ; elapsed = 00:00:00 . Memory (MB): peak = 1661.812 ; gain = 0.000
Ending Netlist Obfuscation Task | Checksum: 181ef5510

Time (s): cpu = 00:00:00 ; elapsed = 00:00:00 . Memory (MB): peak = 1661.812 ; gain = 0.000
INFO: [Common 17-83] Releasing license: Implementation
24 Infos, 0 Warnings, 0 Critical Warnings and 0 Errors encountered.
opt_design completed successfully
opt_design: Time (s): cpu = 00:00:02 ; elapsed = 00:00:07 . Memory (MB): peak = 1661.812 ; gain = 556.781
INFO: [Timing 38-480] Writing timing data to binary archive.
Writing placer database...
Writing XDEF routing.
Writing XDEF routing logical nets.
Writing XDEF routing special nets.
Write XDEF Complete: Time (s): cpu = 00:00:00 ; elapsed = 00:00:00.017 . Memory (MB): peak = 1661.812 ; gain = 0.000
INFO: [Common 17-1381] The checkpoint 'C:/Users/kccistc/Desktop/250318_UARTT/project_1/project_1.runs/impl_1/send_tx_btn_opt.dcp' has been generated.
INFO: [runtcl-4] Executing : report_drc -file send_tx_btn_drc_opted.rpt -pb send_tx_btn_drc_opted.pb -rpx send_tx_btn_drc_opted.rpx
Command: report_drc -file send_tx_btn_drc_opted.rpt -pb send_tx_btn_drc_opted.pb -rpx send_tx_btn_drc_opted.rpx
INFO: [IP_Flow 19-234] Refreshing IP repositories
INFO: [IP_Flow 19-1704] No user IP repositories specified
INFO: [IP_Flow 19-2313] Loaded Vivado IP repository 'C:/Xilinx/Vivado/2020.2/data/ip'.
INFO: [Timing 38-35] Done setting XDC timing constraints.
INFO: [DRC 23-27] Running DRC with 2 threads
INFO: [Coretcl 2-168] The results of DRC are in file C:/Users/kccistc/Desktop/250318_UARTT/project_1/project_1.runs/impl_1/send_tx_btn_drc_opted.rpt.
report_drc completed successfully
Command: place_design
Attempting to get a license for feature 'Implementation' and/or device 'xc7a35t'
INFO: [Common 17-349] Got license for feature 'Implementation' and/or device 'xc7a35t'
INFO: [DRC 23-27] Running DRC with 2 threads
INFO: [Vivado_Tcl 4-198] DRC finished with 0 Errors
INFO: [Vivado_Tcl 4-199] Please refer to the DRC report (report_drc) for more information.
Running DRC as a precondition to command place_design
INFO: [DRC 23-27] Running DRC with 2 threads
INFO: [Vivado_Tcl 4-198] DRC finished with 0 Errors
INFO: [Vivado_Tcl 4-199] Please refer to the DRC report (report_drc) for more information.

Starting Placer Task
INFO: [Place 30-611] Multithreading enabled for place_design using a maximum of 2 CPUs

Phase 1 Placer Initialization

Phase 1.1 Placer Initialization Netlist Sorting
Netlist sorting complete. Time (s): cpu = 00:00:00 ; elapsed = 00:00:00 . Memory (MB): peak = 1707.926 ; gain = 0.000
Phase 1.1 Placer Initialization Netlist Sorting | Checksum: d7083961

Time (s): cpu = 00:00:00 ; elapsed = 00:00:00.003 . Memory (MB): peak = 1707.926 ; gain = 0.000
Netlist sorting complete. Time (s): cpu = 00:00:00 ; elapsed = 00:00:00 . Memory (MB): peak = 1707.926 ; gain = 0.000

Phase 1.2 IO Placement/ Clock Placement/ Build Placer Device
Phase 1.2 IO Placement/ Clock Placement/ Build Placer Device | Checksum: 1c3cd862b

Time (s): cpu = 00:00:00 ; elapsed = 00:00:00.163 . Memory (MB): peak = 1707.926 ; gain = 0.000

Phase 1.3 Build Placer Netlist Model
Phase 1.3 Build Placer Netlist Model | Checksum: 246f7cfe5

Time (s): cpu = 00:00:00 ; elapsed = 00:00:00.231 . Memory (MB): peak = 1707.926 ; gain = 0.000

Phase 1.4 Constrain Clocks/Macros
Phase 1.4 Constrain Clocks/Macros | Checksum: 246f7cfe5

Time (s): cpu = 00:00:00 ; elapsed = 00:00:00.232 . Memory (MB): peak = 1707.926 ; gain = 0.000
Phase 1 Placer Initialization | Checksum: 246f7cfe5

Time (s): cpu = 00:00:00 ; elapsed = 00:00:00.233 . Memory (MB): peak = 1707.926 ; gain = 0.000

Phase 2 Global Placement

Phase 2.1 Floorplanning
Phase 2.1 Floorplanning | Checksum: 2274ab53d

Time (s): cpu = 00:00:00 ; elapsed = 00:00:00.289 . Memory (MB): peak = 1707.926 ; gain = 0.000

Phase 2.2 Update Timing before SLR Path Opt
Phase 2.2 Update Timing before SLR Path Opt | Checksum: 2bd8df864

Time (s): cpu = 00:00:00 ; elapsed = 00:00:00.323 . Memory (MB): peak = 1707.926 ; gain = 0.000

Phase 2.3 Global Placement Core

Phase 2.3.1 Physical Synthesis In Placer
INFO: [Physopt 32-1035] Found 0 LUTNM shape to break, 2 LUT instances to create LUTNM shape
INFO: [Physopt 32-1044] Break lutnm for timing: one critical 0, two critical 0, total 0, new lutff created 0
INFO: [Physopt 32-775] End 1 Pass. Optimized 1 net or cell. Created 0 new cell, deleted 1 existing cell and moved 0 existing cell
INFO: [Physopt 32-65] No nets found for high-fanout optimization.
INFO: [Physopt 32-232] Optimized 0 net. Created 0 new instance.
INFO: [Physopt 32-775] End 1 Pass. Optimized 0 net or cell. Created 0 new cell, deleted 0 existing cell and moved 0 existing cell
INFO: [Physopt 32-670] No setup violation found.  DSP Register Optimization was not performed.
INFO: [Physopt 32-670] No setup violation found.  Shift Register to Pipeline Optimization was not performed.
INFO: [Physopt 32-670] No setup violation found.  Shift Register Optimization was not performed.
INFO: [Physopt 32-670] No setup violation found.  BRAM Register Optimization was not performed.
INFO: [Physopt 32-670] No setup violation found.  URAM Register Optimization was not performed.
INFO: [Physopt 32-949] No candidate nets found for dynamic/static region interface net replication
INFO: [Physopt 32-775] End 1 Pass. Optimized 0 net or cell. Created 0 new cell, deleted 0 existing cell and moved 0 existing cell
Netlist sorting complete. Time (s): cpu = 00:00:00 ; elapsed = 00:00:00 . Memory (MB): peak = 1707.926 ; gain = 0.000

Summary of Physical Synthesis Optimizations
============================================


-----------------------------------------------------------------------------------------------------------------------------------------------------------
|  Optimization                                     |  Added Cells  |  Removed Cells  |  Optimized Cells/Nets  |  Dont Touch  |  Iterations  |  Elapsed   |
-----------------------------------------------------------------------------------------------------------------------------------------------------------
|  LUT Combining                                    |            0  |              1  |                     1  |           0  |           1  |  00:00:00  |
|  Very High Fanout                                 |            0  |              0  |                     0  |           0  |           1  |  00:00:00  |
|  DSP Register                                     |            0  |              0  |                     0  |           0  |           0  |  00:00:00  |
|  Shift Register to Pipeline                       |            0  |              0  |                     0  |           0  |           0  |  00:00:00  |
|  Shift Register                                   |            0  |              0  |                     0  |           0  |           0  |  00:00:00  |
|  BRAM Register                                    |            0  |              0  |                     0  |           0  |           0  |  00:00:00  |
|  URAM Register                                    |            0  |              0  |                     0  |           0  |           0  |  00:00:00  |
|  Dynamic/Static Region Interface Net Replication  |            0  |              0  |                     0  |           0  |           1  |  00:00:00  |
|  Total                                            |            0  |              1  |                     1  |           0  |           3  |  00:00:00  |
-----------------------------------------------------------------------------------------------------------------------------------------------------------


Phase 2.3.1 Physical Synthesis In Placer | Checksum: 1e6da0ee1

Time (s): cpu = 00:00:00 ; elapsed = 00:00:01 . Memory (MB): peak = 1707.926 ; gain = 0.000
Phase 2.3 Global Placement Core | Checksum: 230a5fc05

Time (s): cpu = 00:00:00 ; elapsed = 00:00:01 . Memory (MB): peak = 1707.926 ; gain = 0.000
Phase 2 Global Placement | Checksum: 230a5fc05

Time (s): cpu = 00:00:00 ; elapsed = 00:00:01 . Memory (MB): peak = 1707.926 ; gain = 0.000

Phase 3 Detail Placement

Phase 3.1 Commit Multi Column Macros
Phase 3.1 Commit Multi Column Macros | Checksum: 24d5b59c8

Time (s): cpu = 00:00:00 ; elapsed = 00:00:01 . Memory (MB): peak = 1707.926 ; gain = 0.000

Phase 3.2 Commit Most Macros & LUTRAMs
Phase 3.2 Commit Most Macros & LUTRAMs | Checksum: 2086971c3

Time (s): cpu = 00:00:00 ; elapsed = 00:00:01 . Memory (MB): peak = 1707.926 ; gain = 0.000

Phase 3.3 Area Swap Optimization
Phase 3.3 Area Swap Optimization | Checksum: 1cce5ac2d

Time (s): cpu = 00:00:00 ; elapsed = 00:00:01 . Memory (MB): peak = 1707.926 ; gain = 0.000

Phase 3.4 Pipeline Register Optimization
Phase 3.4 Pipeline Register Optimization | Checksum: 1bf7f16d2

Time (s): cpu = 00:00:00 ; elapsed = 00:00:01 . Memory (MB): peak = 1707.926 ; gain = 0.000

Phase 3.5 Small Shape Detail Placement
Phase 3.5 Small Shape Detail Placement | Checksum: 17290851d

Time (s): cpu = 00:00:00 ; elapsed = 00:00:01 . Memory (MB): peak = 1707.926 ; gain = 0.000

Phase 3.6 Re-assign LUT pins
Phase 3.6 Re-assign LUT pins | Checksum: c39a40b6

Time (s): cpu = 00:00:00 ; elapsed = 00:00:01 . Memory (MB): peak = 1707.926 ; gain = 0.000

Phase 3.7 Pipeline Register Optimization
Phase 3.7 Pipeline Register Optimization | Checksum: b0239bd9

Time (s): cpu = 00:00:00 ; elapsed = 00:00:01 . Memory (MB): peak = 1707.926 ; gain = 0.000
Phase 3 Detail Placement | Checksum: b0239bd9

Time (s): cpu = 00:00:00 ; elapsed = 00:00:01 . Memory (MB): peak = 1707.926 ; gain = 0.000

Phase 4 Post Placement Optimization and Clean-Up

Phase 4.1 Post Commit Optimization
INFO: [Timing 38-35] Done setting XDC timing constraints.

Phase 4.1.1 Post Placement Optimization
Post Placement Optimization Initialization | Checksum: 63ea0dbf

Phase 4.1.1.1 BUFG Insertion

Starting Physical Synthesis Task

Phase 1 Physical Synthesis Initialization
INFO: [Physopt 32-721] Multithreading enabled for phys_opt_design using a maximum of 2 CPUs
INFO: [Physopt 32-619] Estimated Timing Summary | WNS=6.044 | TNS=0.000 |
Phase 1 Physical Synthesis Initialization | Checksum: 10a0042e5

Time (s): cpu = 00:00:00 ; elapsed = 00:00:00.009 . Memory (MB): peak = 1707.926 ; gain = 0.000
INFO: [Place 46-56] BUFG insertion identified 0 candidate nets. Inserted BUFG: 0, Replicated BUFG Driver: 0, Skipped due to Placement/Routing Conflicts: 0, Skipped due to Timing Degradation: 0, Skipped due to Illegal Netlist: 0.
Ending Physical Synthesis Task | Checksum: 10896a49a

Time (s): cpu = 00:00:00 ; elapsed = 00:00:00.010 . Memory (MB): peak = 1707.926 ; gain = 0.000
Phase 4.1.1.1 BUFG Insertion | Checksum: 63ea0dbf

Time (s): cpu = 00:00:00 ; elapsed = 00:00:01 . Memory (MB): peak = 1707.926 ; gain = 0.000
INFO: [Place 30-746] Post Placement Timing Summary WNS=6.044. For the most accurate timing information please run report_timing.

Time (s): cpu = 00:00:00 ; elapsed = 00:00:01 . Memory (MB): peak = 1707.926 ; gain = 0.000
Phase 4.1 Post Commit Optimization | Checksum: 1436087c7

Time (s): cpu = 00:00:00 ; elapsed = 00:00:01 . Memory (MB): peak = 1707.926 ; gain = 0.000

Phase 4.2 Post Placement Cleanup
Phase 4.2 Post Placement Cleanup | Checksum: 1436087c7

Time (s): cpu = 00:00:00 ; elapsed = 00:00:01 . Memory (MB): peak = 1707.926 ; gain = 0.000

Phase 4.3 Placer Reporting

Phase 4.3.1 Print Estimated Congestion
INFO: [Place 30-612] Post-Placement Estimated Congestion 
 ____________________________________________________
|           | Global Congestion | Short Congestion  |
| Direction | Region Size       | Region Size       |
|___________|___________________|___________________|
|      North|                1x1|                1x1|
|___________|___________________|___________________|
|      South|                1x1|                1x1|
|___________|___________________|___________________|
|       East|                1x1|                1x1|
|___________|___________________|___________________|
|       West|                1x1|                1x1|
|___________|___________________|___________________|

Phase 4.3.1 Print Estimated Congestion | Checksum: 1436087c7

Time (s): cpu = 00:00:00 ; elapsed = 00:00:01 . Memory (MB): peak = 1707.926 ; gain = 0.000
Phase 4.3 Placer Reporting | Checksum: 1436087c7

Time (s): cpu = 00:00:00 ; elapsed = 00:00:01 . Memory (MB): peak = 1707.926 ; gain = 0.000

Phase 4.4 Final Placement Cleanup
Netlist sorting complete. Time (s): cpu = 00:00:00 ; elapsed = 00:00:00 . Memory (MB): peak = 1707.926 ; gain = 0.000

Time (s): cpu = 00:00:00 ; elapsed = 00:00:01 . Memory (MB): peak = 1707.926 ; gain = 0.000
Phase 4 Post Placement Optimization and Clean-Up | Checksum: 1d82adc74

Time (s): cpu = 00:00:00 ; elapsed = 00:00:01 . Memory (MB): peak = 1707.926 ; gain = 0.000
Ending Placer Task | Checksum: f279dd98

Time (s): cpu = 00:00:00 ; elapsed = 00:00:01 . Memory (MB): peak = 1707.926 ; gain = 0.000
INFO: [Common 17-83] Releasing license: Implementation
61 Infos, 0 Warnings, 0 Critical Warnings and 0 Errors encountered.
place_design completed successfully
INFO: [Timing 38-480] Writing timing data to binary archive.
Writing placer database...
Writing XDEF routing.
Writing XDEF routing logical nets.
Writing XDEF routing special nets.
Write XDEF Complete: Time (s): cpu = 00:00:00 ; elapsed = 00:00:00.028 . Memory (MB): peak = 1707.926 ; gain = 0.000
INFO: [Common 17-1381] The checkpoint 'C:/Users/kccistc/Desktop/250318_UARTT/project_1/project_1.runs/impl_1/send_tx_btn_placed.dcp' has been generated.
INFO: [runtcl-4] Executing : report_io -file send_tx_btn_io_placed.rpt
report_io: Time (s): cpu = 00:00:00 ; elapsed = 00:00:00.019 . Memory (MB): peak = 1707.926 ; gain = 0.000
INFO: [runtcl-4] Executing : report_utilization -file send_tx_btn_utilization_placed.rpt -pb send_tx_btn_utilization_placed.pb
INFO: [runtcl-4] Executing : report_control_sets -verbose -file send_tx_btn_control_sets_placed.rpt
report_control_sets: Time (s): cpu = 00:00:00 ; elapsed = 00:00:00.002 . Memory (MB): peak = 1707.926 ; gain = 0.000
Command: phys_opt_design
Attempting to get a license for feature 'Implementation' and/or device 'xc7a35t'
INFO: [Common 17-349] Got license for feature 'Implementation' and/or device 'xc7a35t'
INFO: [Vivado_Tcl 4-383] Design worst setup slack (WNS) is greater than or equal to 0.000 ns. Skipping all physical synthesis optimizations.
INFO: [Vivado_Tcl 4-232] No setup violation found. The netlist was not modified.
INFO: [Common 17-83] Releasing license: Implementation
70 Infos, 0 Warnings, 0 Critical Warnings and 0 Errors encountered.
phys_opt_design completed successfully
INFO: [Timing 38-480] Writing timing data to binary archive.
Writing placer database...
Writing XDEF routing.
Writing XDEF routing logical nets.
Writing XDEF routing special nets.
Write XDEF Complete: Time (s): cpu = 00:00:00 ; elapsed = 00:00:00.034 . Memory (MB): peak = 1707.926 ; gain = 0.000
INFO: [Common 17-1381] The checkpoint 'C:/Users/kccistc/Desktop/250318_UARTT/project_1/project_1.runs/impl_1/send_tx_btn_physopt.dcp' has been generated.
Command: route_design
Attempting to get a license for feature 'Implementation' and/or device 'xc7a35t'
INFO: [Common 17-349] Got license for feature 'Implementation' and/or device 'xc7a35t'
Running DRC as a precondition to command route_design
INFO: [DRC 23-27] Running DRC with 2 threads
INFO: [Vivado_Tcl 4-198] DRC finished with 0 Errors
INFO: [Vivado_Tcl 4-199] Please refer to the DRC report (report_drc) for more information.


Starting Routing Task
INFO: [Route 35-254] Multithreading enabled for route_design using a maximum of 2 CPUs
Checksum: PlaceDB: 4d0e689 ConstDB: 0 ShapeSum: eda8f70f RouteDB: 0

Phase 1 Build RT Design
Phase 1 Build RT Design | Checksum: 1056c8f83

Time (s): cpu = 00:00:04 ; elapsed = 00:00:10 . Memory (MB): peak = 1794.430 ; gain = 80.414
Post Restoration Checksum: NetGraph: bb3f089 NumContArr: f9b89efa Constraints: 0 Timing: 0

Phase 2 Router Initialization

Phase 2.1 Create Timer
Phase 2.1 Create Timer | Checksum: 1056c8f83

Time (s): cpu = 00:00:04 ; elapsed = 00:00:10 . Memory (MB): peak = 1794.430 ; gain = 80.414

Phase 2.2 Fix Topology Constraints
Phase 2.2 Fix Topology Constraints | Checksum: 1056c8f83

Time (s): cpu = 00:00:04 ; elapsed = 00:00:10 . Memory (MB): peak = 1800.426 ; gain = 86.410

Phase 2.3 Pre Route Cleanup
Phase 2.3 Pre Route Cleanup | Checksum: 1056c8f83

Time (s): cpu = 00:00:04 ; elapsed = 00:00:10 . Memory (MB): peak = 1800.426 ; gain = 86.410
 Number of Nodes with overlaps = 0

Phase 2.4 Update Timing
Phase 2.4 Update Timing | Checksum: 194688b60

Time (s): cpu = 00:00:04 ; elapsed = 00:00:11 . Memory (MB): peak = 1807.109 ; gain = 93.094
INFO: [Route 35-416] Intermediate Timing Summary | WNS=6.033  | TNS=0.000  | WHS=-0.115 | THS=-2.641 |

Phase 2 Router Initialization | Checksum: c6aac9e5

Time (s): cpu = 00:00:04 ; elapsed = 00:00:11 . Memory (MB): peak = 1807.109 ; gain = 93.094

Router Utilization Summary
  Global Vertical Routing Utilization    = 0.000239177 %
  Global Horizontal Routing Utilization  = 0.000260281 %
  Routable Net Status*
  *Does not include unroutable nets such as driverless and loadless.
  Run report_route_status for detailed report.
  Number of Failed Nets               = 172
    (Failed Nets is the sum of unrouted and partially routed nets)
  Number of Unrouted Nets             = 172
  Number of Partially Routed Nets     = 0
  Number of Node Overlaps             = 0


Phase 3 Initial Routing

Phase 3.1 Global Routing
Phase 3.1 Global Routing | Checksum: c6aac9e5

Time (s): cpu = 00:00:04 ; elapsed = 00:00:11 . Memory (MB): peak = 1808.477 ; gain = 94.461
Phase 3 Initial Routing | Checksum: 19e29fd63

Time (s): cpu = 00:00:04 ; elapsed = 00:00:11 . Memory (MB): peak = 1808.477 ; gain = 94.461

Phase 4 Rip-up And Reroute

Phase 4.1 Global Iteration 0
 Number of Nodes with overlaps = 10
 Number of Nodes with overlaps = 0
INFO: [Route 35-416] Intermediate Timing Summary | WNS=5.703  | TNS=0.000  | WHS=N/A    | THS=N/A    |

Phase 4.1 Global Iteration 0 | Checksum: 1b215452a

Time (s): cpu = 00:00:04 ; elapsed = 00:00:11 . Memory (MB): peak = 1808.477 ; gain = 94.461

Phase 4.2 Global Iteration 1
 Number of Nodes with overlaps = 0
INFO: [Route 35-416] Intermediate Timing Summary | WNS=5.703  | TNS=0.000  | WHS=N/A    | THS=N/A    |

Phase 4.2 Global Iteration 1 | Checksum: 1fa36bd5d

Time (s): cpu = 00:00:04 ; elapsed = 00:00:11 . Memory (MB): peak = 1808.477 ; gain = 94.461
Phase 4 Rip-up And Reroute | Checksum: 1fa36bd5d

Time (s): cpu = 00:00:04 ; elapsed = 00:00:11 . Memory (MB): peak = 1808.477 ; gain = 94.461

Phase 5 Delay and Skew Optimization

Phase 5.1 Delay CleanUp
Phase 5.1 Delay CleanUp | Checksum: 1fa36bd5d

Time (s): cpu = 00:00:04 ; elapsed = 00:00:11 . Memory (MB): peak = 1808.477 ; gain = 94.461

Phase 5.2 Clock Skew Optimization
Phase 5.2 Clock Skew Optimization | Checksum: 1fa36bd5d

Time (s): cpu = 00:00:04 ; elapsed = 00:00:11 . Memory (MB): peak = 1808.477 ; gain = 94.461
Phase 5 Delay and Skew Optimization | Checksum: 1fa36bd5d

Time (s): cpu = 00:00:04 ; elapsed = 00:00:11 . Memory (MB): peak = 1808.477 ; gain = 94.461

Phase 6 Post Hold Fix

Phase 6.1 Hold Fix Iter

Phase 6.1.1 Update Timing
Phase 6.1.1 Update Timing | Checksum: 22cc2bc67

Time (s): cpu = 00:00:04 ; elapsed = 00:00:11 . Memory (MB): peak = 1808.477 ; gain = 94.461
INFO: [Route 35-416] Intermediate Timing Summary | WNS=5.796  | TNS=0.000  | WHS=0.156  | THS=0.000  |

Phase 6.1 Hold Fix Iter | Checksum: 1cca268f8

Time (s): cpu = 00:00:04 ; elapsed = 00:00:11 . Memory (MB): peak = 1808.477 ; gain = 94.461
Phase 6 Post Hold Fix | Checksum: 1cca268f8

Time (s): cpu = 00:00:04 ; elapsed = 00:00:11 . Memory (MB): peak = 1808.477 ; gain = 94.461

Phase 7 Route finalize

Router Utilization Summary
  Global Vertical Routing Utilization    = 0.0342821 %
  Global Horizontal Routing Utilization  = 0.0232952 %
  Routable Net Status*
  *Does not include unroutable nets such as driverless and loadless.
  Run report_route_status for detailed report.
  Number of Failed Nets               = 0
    (Failed Nets is the sum of unrouted and partially routed nets)
  Number of Unrouted Nets             = 0
  Number of Partially Routed Nets     = 0
  Number of Node Overlaps             = 0

Phase 7 Route finalize | Checksum: 21d02c733

Time (s): cpu = 00:00:04 ; elapsed = 00:00:11 . Memory (MB): peak = 1808.477 ; gain = 94.461

Phase 8 Verifying routed nets

 Verification completed successfully
Phase 8 Verifying routed nets | Checksum: 21d02c733

Time (s): cpu = 00:00:04 ; elapsed = 00:00:11 . Memory (MB): peak = 1809.145 ; gain = 95.129

Phase 9 Depositing Routes
Phase 9 Depositing Routes | Checksum: 21254ab3b

Time (s): cpu = 00:00:04 ; elapsed = 00:00:11 . Memory (MB): peak = 1809.145 ; gain = 95.129

Phase 10 Post Router Timing
INFO: [Route 35-57] Estimated Timing Summary | WNS=5.796  | TNS=0.000  | WHS=0.156  | THS=0.000  |

INFO: [Route 35-327] The final timing numbers are based on the router estimated timing analysis. For a complete and accurate timing signoff, please run report_timing_summary.
Phase 10 Post Router Timing | Checksum: 21254ab3b

Time (s): cpu = 00:00:04 ; elapsed = 00:00:11 . Memory (MB): peak = 1809.145 ; gain = 95.129
INFO: [Route 35-16] Router Completed Successfully

Time (s): cpu = 00:00:04 ; elapsed = 00:00:11 . Memory (MB): peak = 1809.145 ; gain = 95.129

Routing Is Done.
INFO: [Common 17-83] Releasing license: Implementation
85 Infos, 0 Warnings, 0 Critical Warnings and 0 Errors encountered.
route_design completed successfully
route_design: Time (s): cpu = 00:00:04 ; elapsed = 00:00:11 . Memory (MB): peak = 1809.145 ; gain = 101.219
INFO: [Timing 38-480] Writing timing data to binary archive.
Writing placer database...
Writing XDEF routing.
Writing XDEF routing logical nets.
Writing XDEF routing special nets.
Write XDEF Complete: Time (s): cpu = 00:00:00 ; elapsed = 00:00:00.032 . Memory (MB): peak = 1818.973 ; gain = 9.828
INFO: [Common 17-1381] The checkpoint 'C:/Users/kccistc/Desktop/250318_UARTT/project_1/project_1.runs/impl_1/send_tx_btn_routed.dcp' has been generated.
INFO: [runtcl-4] Executing : report_drc -file send_tx_btn_drc_routed.rpt -pb send_tx_btn_drc_routed.pb -rpx send_tx_btn_drc_routed.rpx
Command: report_drc -file send_tx_btn_drc_routed.rpt -pb send_tx_btn_drc_routed.pb -rpx send_tx_btn_drc_routed.rpx
INFO: [IP_Flow 19-1839] IP Catalog is up to date.
INFO: [DRC 23-27] Running DRC with 2 threads
INFO: [Coretcl 2-168] The results of DRC are in file C:/Users/kccistc/Desktop/250318_UARTT/project_1/project_1.runs/impl_1/send_tx_btn_drc_routed.rpt.
report_drc completed successfully
INFO: [runtcl-4] Executing : report_methodology -file send_tx_btn_methodology_drc_routed.rpt -pb send_tx_btn_methodology_drc_routed.pb -rpx send_tx_btn_methodology_drc_routed.rpx
Command: report_methodology -file send_tx_btn_methodology_drc_routed.rpt -pb send_tx_btn_methodology_drc_routed.pb -rpx send_tx_btn_methodology_drc_routed.rpx
INFO: [Timing 38-35] Done setting XDC timing constraints.
INFO: [DRC 23-133] Running Methodology with 2 threads
INFO: [Coretcl 2-1520] The results of Report Methodology are in file C:/Users/kccistc/Desktop/250318_UARTT/project_1/project_1.runs/impl_1/send_tx_btn_methodology_drc_routed.rpt.
report_methodology completed successfully
INFO: [runtcl-4] Executing : report_power -file send_tx_btn_power_routed.rpt -pb send_tx_btn_power_summary_routed.pb -rpx send_tx_btn_power_routed.rpx
Command: report_power -file send_tx_btn_power_routed.rpt -pb send_tx_btn_power_summary_routed.pb -rpx send_tx_btn_power_routed.rpx
INFO: [Timing 38-35] Done setting XDC timing constraints.
Running Vector-less Activity Propagation...

Finished Running Vector-less Activity Propagation
97 Infos, 0 Warnings, 0 Critical Warnings and 0 Errors encountered.
report_power completed successfully
INFO: [runtcl-4] Executing : report_route_status -file send_tx_btn_route_status.rpt -pb send_tx_btn_route_status.pb
INFO: [runtcl-4] Executing : report_timing_summary -max_paths 10 -file send_tx_btn_timing_summary_routed.rpt -pb send_tx_btn_timing_summary_routed.pb -rpx send_tx_btn_timing_summary_routed.rpx -warn_on_violation 
INFO: [Timing 38-91] UpdateTimingParams: Speed grade: -1, Delay Type: min_max.
INFO: [Timing 38-191] Multithreading enabled for timing update using a maximum of 2 CPUs
INFO: [runtcl-4] Executing : report_incremental_reuse -file send_tx_btn_incremental_reuse_routed.rpt
INFO: [Vivado_Tcl 4-1062] Incremental flow is disabled. No incremental reuse Info to report.
INFO: [runtcl-4] Executing : report_clock_utilization -file send_tx_btn_clock_utilization_routed.rpt
INFO: [runtcl-4] Executing : report_bus_skew -warn_on_violation -file send_tx_btn_bus_skew_routed.rpt -pb send_tx_btn_bus_skew_routed.pb -rpx send_tx_btn_bus_skew_routed.rpx
INFO: [Timing 38-91] UpdateTimingParams: Speed grade: -1, Delay Type: min_max.
INFO: [Timing 38-191] Multithreading enabled for timing update using a maximum of 2 CPUs
Command: write_bitstream -force send_tx_btn.bit
Attempting to get a license for feature 'Implementation' and/or device 'xc7a35t'
INFO: [Common 17-349] Got license for feature 'Implementation' and/or device 'xc7a35t'
Running DRC as a precondition to command write_bitstream
INFO: [IP_Flow 19-1839] IP Catalog is up to date.
INFO: [DRC 23-27] Running DRC with 2 threads
WARNING: [DRC CFGBVS-1] Missing CFGBVS and CONFIG_VOLTAGE Design Properties: Neither the CFGBVS nor CONFIG_VOLTAGE voltage property is set in the current_design.  Configuration bank voltage select (CFGBVS) must be set to VCCO or GND, and CONFIG_VOLTAGE must be set to the correct configuration voltage, in order to determine the I/O voltage support for the pins in bank 0.  It is suggested to specify these either using the 'Edit Device Properties' function in the GUI or directly in the XDC file using the following syntax:

 set_property CFGBVS value1 [current_design]
 #where value1 is either VCCO or GND

 set_property CONFIG_VOLTAGE value2 [current_design]
 #where value2 is the voltage provided to configuration bank 0

Refer to the device configuration user guide for more information.
INFO: [Vivado 12-3199] DRC finished with 0 Errors, 1 Warnings
INFO: [Vivado 12-3200] Please refer to the DRC report (report_drc) for more information.
INFO: [Designutils 20-2272] Running write_bitstream with 2 threads.
Loading data files...
Loading site data...
Loading route data...
Processing options...
Creating bitmap...
Creating bitstream...
Writing bitstream ./send_tx_btn.bit...
INFO: [Vivado 12-1842] Bitgen Completed Successfully.
INFO: [Project 1-120] WebTalk data collection is mandatory when using a WebPACK part without a full Vivado license. To see the specific WebTalk data collected for your design, open the usage_statistics_webtalk.html or usage_statistics_webtalk.xml file in the implementation directory.
INFO: [Common 17-83] Releasing license: Implementation
12 Infos, 1 Warnings, 0 Critical Warnings and 0 Errors encountered.
write_bitstream completed successfully
write_bitstream: Time (s): cpu = 00:00:01 ; elapsed = 00:00:08 . Memory (MB): peak = 2284.152 ; gain = 432.094
INFO: [Common 17-206] Exiting Vivado at Tue Mar 18 12:33:46 2025...
