Copyright 1986-2020 Xilinx, Inc. All Rights Reserved.
----------------------------------------------------------------------------------------
| Tool Version : Vivado v.2020.2 (win64) Build 3064766 Wed Nov 18 09:12:45 MST 2020
| Date         : Tue Mar 18 12:33:24 2025
| Host         : DESKTOP-7CFQ9ND running 64-bit major release  (build 9200)
| Command      : report_control_sets -verbose -file send_tx_btn_control_sets_placed.rpt
| Design       : send_tx_btn
| Device       : xc7a35t
----------------------------------------------------------------------------------------

Control Set Information

Table of Contents
-----------------
1. Summary
2. Histogram
3. Flip-Flop Distribution
4. Detailed Control Set Information

1. Summary
----------

+----------------------------------------------------------+-------+
|                          Status                          | Count |
+----------------------------------------------------------+-------+
| Total control sets                                       |     9 |
|    Minimum number of control sets                        |     9 |
|    Addition due to synthesis replication                 |     0 |
|    Addition due to physical synthesis replication        |     0 |
| Unused register locations in slices containing registers |    32 |
+----------------------------------------------------------+-------+
* Control sets can be merged at opt_design using control_set_merge or merge_equivalent_drivers
** Run report_qor_suggestions for automated merging and remapping suggestions


2. Histogram
------------

+--------------------+-------+
|       Fanout       | Count |
+--------------------+-------+
| Total control sets |     9 |
| >= 0 to < 4        |     1 |
| >= 4 to < 6        |     4 |
| >= 6 to < 8        |     2 |
| >= 8 to < 10       |     1 |
| >= 10 to < 12      |     0 |
| >= 12 to < 14      |     0 |
| >= 14 to < 16      |     0 |
| >= 16              |     1 |
+--------------------+-------+
* Control sets can be remapped at either synth_design or opt_design


3. Flip-Flop Distribution
-------------------------

+--------------+-----------------------+------------------------+-----------------+--------------+
| Clock Enable | Synchronous Set/Reset | Asynchronous Set/Reset | Total Registers | Total Slices |
+--------------+-----------------------+------------------------+-----------------+--------------+
| No           | No                    | No                     |               0 |            0 |
| No           | No                    | Yes                    |              65 |           22 |
| No           | Yes                   | No                     |               0 |            0 |
| Yes          | No                    | No                     |               0 |            0 |
| Yes          | No                    | Yes                    |              31 |            9 |
| Yes          | Yes                   | No                     |               0 |            0 |
+--------------+-----------------------+------------------------+-----------------+--------------+


4. Detailed Control Set Information
-----------------------------------

+-----------------------------+---------------------------------------+------------------+------------------+----------------+--------------+
|         Clock Signal        |             Enable Signal             | Set/Reset Signal | Slice Load Count | Bel Load Count | Bels / Slice |
+-----------------------------+---------------------------------------+------------------+------------------+----------------+--------------+
|  clk_IBUF_BUFG              | U_BIT_COUNTER/done_i_1_n_0            | rst_IBUF         |                1 |              1 |         1.00 |
|  clk_IBUF_BUFG              | U_BIT_COUNTER/bit_position[3]_i_1_n_0 | rst_IBUF         |                1 |              4 |         4.00 |
|  clk_IBUF_BUFG              | U_BIT_COUNTER/count[3]_i_1_n_0        | rst_IBUF         |                1 |              4 |         4.00 |
|  clk_IBUF_BUFG              | U_UART/E[0]                           | rst_IBUF         |                1 |              4 |         4.00 |
|  clk_IBUF_BUFG              | U_UART/tick_count_next                | rst_IBUF         |                1 |              4 |         4.00 |
|  clk_IBUF_BUFG              | U_Start_btn/p_2_in                    | rst_IBUF         |                2 |              7 |         3.50 |
|  clk_IBUF_BUFG              | send_tx_data_next                     | rst_IBUF         |                2 |              7 |         3.50 |
|  U_Start_btn/r_1khz_reg_n_0 |                                       | rst_IBUF         |                2 |              8 |         4.00 |
|  clk_IBUF_BUFG              |                                       | rst_IBUF         |               20 |             57 |         2.85 |
+-----------------------------+---------------------------------------+------------------+------------------+----------------+--------------+


